t(ticks) ; nlug ; id_viat ; observ
0        ;   29 ;       0 ; parking
2        ;   28 ;       1 ; parking
5        ;   27 ;       2 ; parking
5        ;   28 ;       0 ; exit
6        ;   29 ;       2 ; exit
6        ;   28 ;       3 ; parking
7        ;   27 ;       4 ; parking
8        ;   26 ;       5 ; parking
8        ;   27 ;       3 ; exit
9        ;   28 ;       5 ; exit
10       ;   29 ;       1 ; exit
11       ;   28 ;       7 ; parking
10       ;   29 ;       4 ; exit
11       ;   28 ;       7 ; parking
12       ;   27 ;       8 ; parking
14       ;   28 ;       7 ; exit
14       ;   29 ;       7 ; exit
15       ;   28 ;       9 ; parking
17       ;   27 ;      10 ; parking
18       ;   26 ;      11 ; parking
19       ;   25 ;      12 ; parking
18       ;   26 ;       9 ; exit
20       ;   27 ;      11 ; exit
20       ;   28 ;      12 ; exit
20       ;   29 ;       8 ; exit
20       ;   28 ;      13 ; parking
22       ;   27 ;      14 ; parking
21       ;   28 ;      13 ; exit
24       ;   29 ;      10 ; exit
24       ;   28 ;      15 ; parking
24       ;   29 ;      14 ; exit
25       ;   30 ;      15 ; exit
27       ;   29 ;      16 ; parking
30       ;   28 ;      17 ; parking
31       ;   27 ;      18 ; parking
32       ;   28 ;      17 ; exit
32       ;   27 ;      19 ; parking
34       ;   26 ;      20 ; parking
34       ;   27 ;      18 ; exit
35       ;   26 ;      21 ; parking
36       ;   27 ;      16 ; exit
37       ;   26 ;      22 ; parking
38       ;   27 ;      21 ; exit
38       ;   28 ;      22 ; exit
39       ;   27 ;      23 ; parking
41       ;   28 ;      20 ; exit
41       ;   29 ;      19 ; exit
42       ;   28 ;      24 ; parking
43       ;   27 ;      25 ; parking
43       ;   28 ;      23 ; exit
44       ;   27 ;      26 ; parking
45       ;   28 ;      25 ; exit
45       ;   27 ;      27 ; parking
47       ;   28 ;      27 ; exit
47       ;   27 ;      28 ; parking
50       ;   26 ;      29 ; parking
51       ;   27 ;      24 ; exit
52       ;   28 ;      26 ; exit
53       ;   27 ;      30 ; parking
55       ;   28 ;      30 ; exit
55       ;   27 ;      31 ; parking
57       ;   26 ;      32 ; parking
57       ;   27 ;      28 ; exit
58       ;   28 ;      29 ; exit
59       ;   27 ;      34 ; parking
59       ;   26 ;      34 ; parking
60       ;   25 ;      35 ; parking
62       ;   24 ;      36 ; parking
63       ;   23 ;      37 ; parking
65       ;   24 ;      35 ; exit
65       ;   25 ;      31 ; exit
65       ;   24 ;      38 ; parking
67       ;   25 ;      32 ; exit
67       ;   24 ;      39 ; parking
69       ;   25 ;      34 ; exit
69       ;   26 ;      34 ; exit
68       ;   25 ;      40 ; parking
68       ;   26 ;      37 ; exit
71       ;   25 ;      41 ; parking
72       ;   26 ;      36 ; exit
71       ;   27 ;      38 ; exit
74       ;   26 ;      42 ; parking
74       ;   27 ;      41 ; exit
75       ;   28 ;      39 ; exit
76       ;   29 ;      42 ; exit
76       ;   30 ;      40 ; exit
77       ;   29 ;      43 ; parking
79       ;   28 ;      45 ; parking
79       ;   27 ;      45 ; parking
80       ;   28 ;      43 ; exit
81       ;   27 ;      46 ; parking
84       ;   28 ;      45 ; exit
83       ;   27 ;      47 ; parking
83       ;   28 ;      46 ; exit
84       ;   29 ;      45 ; exit
84       ;   28 ;      48 ; parking
86       ;   29 ;      48 ; exit
87       ;   30 ;      47 ; exit
87       ;   29 ;      49 ; parking
90       ;   28 ;      50 ; parking
92       ;   27 ;      51 ; parking
93       ;   26 ;      52 ; parking
94       ;   25 ;      53 ; parking
95       ;   26 ;      52 ; exit
96       ;   27 ;      50 ; exit
96       ;   26 ;      54 ; parking
96       ;   27 ;      49 ; exit
98       ;   28 ;      53 ; exit
98       ;   27 ;      55 ; parking
98       ;   28 ;      54 ; exit
99       ;   27 ;      56 ; parking
101      ;   26 ;      57 ; parking
101      ;   27 ;      51 ; exit
102      ;   26 ;      58 ; parking
103      ;   27 ;      58 ; exit
103      ;   26 ;      59 ; parking
104      ;   27 ;      55 ; exit
104      ;   26 ;      60 ; parking
105      ;   27 ;      56 ; exit
105      ;   28 ;      59 ; exit
105      ;   27 ;      61 ; parking
106      ;   26 ;      62 ; parking
108      ;   27 ;      62 ; exit
107      ;   26 ;      63 ; parking
109      ;   25 ;      64 ; parking
110      ;   24 ;      65 ; parking
111      ;   25 ;      57 ; exit
111      ;   26 ;      61 ; exit
112      ;   25 ;      66 ; parking
113      ;   26 ;      60 ; exit
113      ;   25 ;      67 ; parking
114      ;   24 ;      68 ; parking
115      ;   23 ;      69 ; parking
114      ;   24 ;      63 ; exit
116      ;   25 ;      69 ; exit
116      ;   26 ;      64 ; exit
117      ;   25 ;      70 ; parking
119      ;   26 ;      70 ; exit
119      ;   25 ;      71 ; parking
119      ;   26 ;      65 ; exit
119      ;   27 ;      67 ; exit
120      ;   26 ;      72 ; parking
120      ;   27 ;      66 ; exit
121      ;   26 ;      73 ; parking
121      ;   27 ;      72 ; exit
121      ;   28 ;      71 ; exit
122      ;   27 ;      74 ; parking
122      ;   28 ;      68 ; exit
125      ;   27 ;      75 ; parking
126      ;   28 ;      74 ; exit
126      ;   29 ;      73 ; exit
127      ;   28 ;      76 ; parking
128      ;   29 ;      75 ; exit
129      ;   28 ;      77 ; parking
130      ;   27 ;      78 ; parking
130      ;   28 ;      77 ; exit
132      ;   27 ;      80 ; parking
133      ;   28 ;      76 ; exit
133      ;   27 ;      81 ; parking
133      ;   28 ;      80 ; exit
135      ;   27 ;      82 ; parking
136      ;   28 ;      78 ; exit
138      ;   27 ;      84 ; parking
138      ;   26 ;      84 ; parking
139      ;   27 ;      82 ; exit
140      ;   28 ;      81 ; exit
140      ;   27 ;      85 ; parking
143      ;   26 ;      86 ; parking
145      ;   25 ;      87 ; parking
146      ;   26 ;      87 ; exit
147      ;   25 ;      88 ; parking
147      ;   26 ;      86 ; exit
148      ;   27 ;      84 ; exit
148      ;   28 ;      84 ; exit
148      ;   27 ;      89 ; parking
150      ;   28 ;      85 ; exit
151      ;   27 ;      90 ; parking
152      ;   28 ;      89 ; exit
152      ;   27 ;      91 ; parking
154      ;   26 ;      92 ; parking
154      ;   27 ;      90 ; exit
155      ;   26 ;      93 ; parking
156      ;   25 ;      94 ; parking
156      ;   26 ;      93 ; exit
157      ;   27 ;      88 ; exit
158      ;   26 ;      95 ; parking
160      ;   25 ;      96 ; parking
161      ;   24 ;      97 ; parking
161      ;   25 ;      94 ; exit
161      ;   26 ;      91 ; exit
162      ;   27 ;      92 ; exit
162      ;   26 ;      98 ; parking
163      ;   25 ;      99 ; parking
165      ;   26 ;      95 ; exit
165      ;   25 ;     100 ; parking
167      ;   26 ;      97 ; exit
169      ;   25 ;     102 ; parking
169      ;   24 ;     102 ; parking
169      ;   25 ;      96 ; exit
170      ;   26 ;      98 ; exit
171      ;   27 ;     100 ; exit
172      ;   26 ;     103 ; parking
173      ;   25 ;     104 ; parking
173      ;   26 ;      99 ; exit
174      ;   25 ;     105 ; parking
175      ;   24 ;     106 ; parking
177      ;   25 ;     102 ; exit
177      ;   26 ;     102 ; exit
177      ;   27 ;     106 ; exit
178      ;   26 ;     107 ; parking
179      ;   27 ;     103 ; exit
180      ;   26 ;     108 ; parking
181      ;   25 ;     109 ; parking
182      ;   26 ;     104 ; exit
182      ;   27 ;     107 ; exit
182      ;   28 ;     108 ; exit
182      ;   27 ;     110 ; parking
184      ;   28 ;     105 ; exit
185      ;   27 ;     111 ; parking
186      ;   28 ;     109 ; exit
187      ;   27 ;     112 ; parking
188      ;   26 ;     113 ; parking
188      ;   27 ;     111 ; exit
190      ;   26 ;     115 ; parking
191      ;   27 ;     115 ; exit
190      ;   28 ;     112 ; exit
190      ;   29 ;     110 ; exit
190      ;   28 ;     115 ; parking
191      ;   29 ;     115 ; exit
192      ;   30 ;     113 ; exit
192      ;   29 ;     117 ; parking
191      ;   28 ;     116 ; parking
195      ;   27 ;     118 ; parking
197      ;   28 ;     117 ; exit
196      ;   27 ;     119 ; parking
198      ;   26 ;     120 ; parking
200      ;   25 ;     121 ; parking
200      ;   26 ;     116 ; exit
202      ;   27 ;     118 ; exit
203      ;   26 ;     122 ; parking
204      ;   25 ;     123 ; parking
206      ;   24 ;     124 ; parking
206      ;   25 ;     120 ; exit
205      ;   26 ;     119 ; exit
207      ;   27 ;     121 ; exit
208      ;   26 ;     125 ; parking
211      ;   25 ;     126 ; parking
211      ;   26 ;     122 ; exit
212      ;   27 ;     125 ; exit
212      ;   28 ;     126 ; exit
213      ;   29 ;     123 ; exit
213      ;   28 ;     127 ; parking
215      ;   27 ;     129 ; parking
215      ;   28 ;     124 ; exit
215      ;   27 ;     129 ; parking
217      ;   28 ;     129 ; exit
217      ;   29 ;     129 ; exit
218      ;   28 ;     130 ; parking
220      ;   27 ;     131 ; parking
221      ;   26 ;     132 ; parking
222      ;   25 ;     133 ; parking
222      ;   26 ;     127 ; exit
223      ;   27 ;     130 ; exit
223      ;   26 ;     134 ; parking
224      ;   25 ;     135 ; parking
225      ;   26 ;     134 ; exit
225      ;   27 ;     135 ; exit
226      ;   28 ;     131 ; exit
226      ;   29 ;     133 ; exit
226      ;   28 ;     136 ; parking
228      ;   29 ;     132 ; exit
228      ;   28 ;     137 ; parking
229      ;   29 ;     136 ; exit
229      ;   30 ;     137 ; exit
230      ;   29 ;     138 ; parking
231      ;   28 ;     139 ; parking
232      ;   27 ;     140 ; parking
235      ;   26 ;     142 ; parking
236      ;   25 ;     143 ; parking
236      ;   24 ;     143 ; parking
236      ;   25 ;     140 ; exit
238      ;   24 ;     144 ; parking
238      ;   25 ;     138 ; exit
239      ;   26 ;     139 ; exit
240      ;   27 ;     143 ; exit
240      ;   28 ;     143 ; exit
240      ;   29 ;     142 ; exit
240      ;   28 ;     145 ; parking
243      ;   27 ;     146 ; parking
244      ;   26 ;     147 ; parking
244      ;   27 ;     146 ; exit
245      ;   26 ;     148 ; parking
247      ;   27 ;     145 ; exit
248      ;   28 ;     144 ; exit
248      ;   27 ;     149 ; parking
249      ;   28 ;     147 ; exit
250      ;   29 ;     148 ; exit
250      ;   28 ;     150 ; parking
251      ;   27 ;     151 ; parking
252      ;   26 ;     152 ; parking
253      ;   27 ;     149 ; exit
254      ;   26 ;     153 ; parking
255      ;   25 ;     154 ; parking
256      ;   26 ;     151 ; exit
256      ;   25 ;     155 ; parking
257      ;   26 ;     150 ; exit
258      ;   25 ;     156 ; parking
258      ;   26 ;     155 ; exit
260      ;   27 ;     152 ; exit
261      ;   26 ;     157 ; parking
261      ;   27 ;     153 ; exit
262      ;   26 ;     158 ; parking
262      ;   27 ;     156 ; exit
263      ;   28 ;     154 ; exit
263      ;   29 ;     157 ; exit
263      ;   28 ;     159 ; parking
264      ;   29 ;     158 ; exit
265      ;   28 ;     160 ; parking
265      ;   29 ;     159 ; exit
266      ;   28 ;     161 ; parking
267      ;   27 ;     162 ; parking
269      ;   26 ;     163 ; parking
270      ;   27 ;     160 ; exit
271      ;   26 ;     164 ; parking
272      ;   27 ;     162 ; exit
272      ;   26 ;     165 ; parking
273      ;   27 ;     165 ; exit
274      ;   26 ;     166 ; parking
274      ;   27 ;     161 ; exit
275      ;   28 ;     163 ; exit
276      ;   29 ;     164 ; exit
278      ;   28 ;     168 ; parking
278      ;   27 ;     168 ; parking
279      ;   28 ;     168 ; exit
279      ;   29 ;     168 ; exit
279      ;   30 ;     166 ; exit
279      ;   29 ;     169 ; parking
281      ;   28 ;     170 ; parking
282      ;   29 ;     170 ; exit
282      ;   30 ;     169 ; exit
283      ;   29 ;     172 ; parking
283      ;   28 ;     172 ; parking
286      ;   27 ;     174 ; parking
286      ;   26 ;     174 ; parking
288      ;   25 ;     175 ; parking
289      ;   26 ;     174 ; exit
290      ;   27 ;     172 ; exit
289      ;   28 ;     174 ; exit
290      ;   29 ;     172 ; exit
291      ;   28 ;     176 ; parking
292      ;   29 ;     176 ; exit
292      ;   28 ;     177 ; parking
294      ;   27 ;     178 ; parking
296      ;   27 ;     179 ; parking
296      ;   27 ;     175 ; exit
298      ;   28 ;     177 ; exit
299      ;   27 ;     180 ; parking
300      ;   26 ;     181 ; parking
300      ;   27 ;     178 ; exit
301      ;   26 ;     182 ; parking
303      ;   27 ;     182 ; exit
304      ;   26 ;     183 ; parking
304      ;   27 ;     179 ; exit
306      ;   26 ;     184 ; parking
306      ;   27 ;     181 ; exit
307      ;   28 ;     180 ; exit
307      ;   27 ;     185 ; parking
309      ;   28 ;     185 ; exit
309      ;   29 ;     184 ; exit
310      ;   28 ;     186 ; parking
311      ;   27 ;     187 ; parking
312      ;   28 ;     187 ; exit
314      ;   27 ;     189 ; parking
314      ;   26 ;     189 ; parking
314      ;   27 ;     183 ; exit
316      ;   26 ;     191 ; parking
316      ;   25 ;     191 ; parking
317      ;   26 ;     186 ; exit
318      ;   25 ;     192 ; parking
320      ;   26 ;     191 ; exit
320      ;   27 ;     189 ; exit
320      ;   28 ;     189 ; exit
320      ;   29 ;     191 ; exit
321      ;   28 ;     193 ; parking
323      ;   29 ;     193 ; exit
324      ;   28 ;     194 ; parking
325      ;   27 ;     195 ; parking
326      ;   26 ;     196 ; parking
327      ;   27 ;     192 ; exit
329      ;   28 ;     195 ; exit
330      ;   27 ;     198 ; parking
330      ;   26 ;     198 ; parking
331      ;   25 ;     199 ; parking
334      ;   24 ;     200 ; parking
334      ;   25 ;     196 ; exit
334      ;   26 ;     194 ; exit
338      ;   25 ;     202 ; parking
338      ;   24 ;     202 ; parking
339      ;   25 ;     198 ; exit
339      ;   26 ;     202 ; exit
339      ;   27 ;     202 ; exit
339      ;   28 ;     198 ; exit
339      ;   27 ;     203 ; parking
341      ;   26 ;     205 ; parking
341      ;   27 ;     199 ; exit
341      ;   26 ;     205 ; parking
341      ;   27 ;     203 ; exit
343      ;   28 ;     200 ; exit
344      ;   29 ;     205 ; exit
343      ;   28 ;     206 ; parking
344      ;   29 ;     205 ; exit
345      ;   28 ;     207 ; parking
346      ;   27 ;     208 ; parking
346      ;   28 ;     206 ; exit
348      ;   27 ;     210 ; parking
349      ;   26 ;     211 ; parking
351      ;   27 ;     208 ; exit
351      ;   28 ;     207 ; exit
352      ;   29 ;     210 ; exit
352      ;   28 ;     212 ; parking
354      ;   29 ;     212 ; exit
355      ;   28 ;     213 ; parking
357      ;   27 ;     215 ; parking
357      ;   26 ;     215 ; parking
360      ;   27 ;     213 ; exit
360      ;   27 ;     216 ; parking
359      ;   27 ;     211 ; exit
361      ;   28 ;     215 ; exit
361      ;   29 ;     215 ; exit
361      ;   28 ;     217 ; parking
364      ;   27 ;     218 ; parking
365      ;   26 ;     219 ; parking
365      ;   27 ;     216 ; exit
366      ;   28 ;     217 ; exit
367      ;   27 ;     220 ; parking
371      ;   28 ;     219 ; exit
370      ;   27 ;     221 ; parking
373      ;   28 ;     220 ; exit
372      ;   29 ;     221 ; exit
373      ;   28 ;     222 ; parking
374      ;   29 ;     218 ; exit
374      ;   28 ;     223 ; parking
374      ;   29 ;     222 ; exit
377      ;   30 ;     223 ; exit
377      ;   29 ;     224 ; parking
379      ;   28 ;     225 ; parking
380      ;   27 ;     226 ; parking
382      ;   28 ;     226 ; exit
382      ;   27 ;     227 ; parking
383      ;   26 ;     228 ; parking
385      ;   27 ;     228 ; exit
385      ;   28 ;     224 ; exit
385      ;   29 ;     225 ; exit
386      ;   28 ;     229 ; parking
387      ;   29 ;     229 ; exit
387      ;   30 ;     227 ; exit
388      ;   29 ;     230 ; parking
389      ;   28 ;     231 ; parking
391      ;   29 ;     230 ; exit
391      ;   28 ;     232 ; parking
395      ;   27 ;     234 ; parking
395      ;   26 ;     234 ; parking
395      ;   27 ;     231 ; exit
398      ;   28 ;     232 ; exit
398      ;   27 ;     235 ; parking
399      ;   26 ;     236 ; parking
400      ;   25 ;     237 ; parking
402      ;   26 ;     234 ; exit
401      ;   25 ;     238 ; parking
402      ;   26 ;     237 ; exit
402      ;   27 ;     234 ; exit
402      ;   26 ;     239 ; parking
403      ;   25 ;     240 ; parking
404      ;   26 ;     239 ; exit
405      ;   27 ;     238 ; exit
406      ;   26 ;     242 ; parking
406      ;   25 ;     242 ; parking
406      ;   26 ;     240 ; exit
407      ;   25 ;     243 ; parking
408      ;   26 ;     235 ; exit
408      ;   27 ;     236 ; exit
408      ;   26 ;     244 ; parking
409      ;   27 ;     244 ; exit
411      ;   28 ;     243 ; exit
411      ;   27 ;     245 ; parking
414      ;   28 ;     242 ; exit
414      ;   29 ;     242 ; exit
414      ;   28 ;     246 ; parking
416      ;   29 ;     245 ; exit
417      ;   30 ;     246 ; exit
417      ;   29 ;     247 ; parking
418      ;   28 ;     248 ; parking
419      ;   27 ;     249 ; parking
420      ;   28 ;     249 ; exit
421      ;   27 ;     250 ; parking
421      ;   28 ;     248 ; exit
424      ;   27 ;     251 ; parking
424      ;   28 ;     247 ; exit
426      ;   27 ;     253 ; parking
426      ;   26 ;     253 ; parking
427      ;   27 ;     253 ; exit
427      ;   28 ;     253 ; exit
428      ;   27 ;     254 ; parking
429      ;   28 ;     250 ; exit
430      ;   27 ;     255 ; parking
432      ;   28 ;     251 ; exit
431      ;   27 ;     256 ; parking
433      ;   26 ;     257 ; parking
434      ;   25 ;     258 ; parking
434      ;   26 ;     256 ; exit
435      ;   27 ;     255 ; exit
436      ;   28 ;     254 ; exit
436      ;   27 ;     259 ; parking
437      ;   26 ;     260 ; parking
439      ;   25 ;     261 ; parking
441      ;   26 ;     258 ; exit
441      ;   25 ;     262 ; parking
440      ;   26 ;     260 ; exit
442      ;   27 ;     262 ; exit
442      ;   26 ;     263 ; parking
443      ;   27 ;     261 ; exit
443      ;   28 ;     257 ; exit
444      ;   27 ;     264 ; parking
444      ;   28 ;     259 ; exit
446      ;   27 ;     265 ; parking
448      ;   28 ;     264 ; exit
448      ;   29 ;     263 ; exit
449      ;   30 ;     265 ; exit
449      ;   29 ;     266 ; parking
450      ;   28 ;     267 ; parking
451      ;   27 ;     268 ; parking
452      ;   26 ;     269 ; parking
455      ;   25 ;     270 ; parking
455      ;   26 ;     267 ; exit
455      ;   27 ;     268 ; exit
456      ;   26 ;     271 ; parking
457      ;   27 ;     271 ; exit
459      ;   28 ;     269 ; exit
459      ;   29 ;     266 ; exit
458      ;   28 ;     272 ; parking
460      ;   27 ;     273 ; parking
461      ;   26 ;     274 ; parking
460      ;   27 ;     272 ; exit
464      ;   28 ;     270 ; exit
464      ;   27 ;     275 ; parking
465      ;   26 ;     276 ; parking
466      ;   27 ;     273 ; exit
466      ;   26 ;     277 ; parking
468      ;   25 ;     278 ; parking
469      ;   26 ;     276 ; exit
469      ;   27 ;     274 ; exit
471      ;   26 ;     280 ; parking
471      ;   25 ;     280 ; parking
472      ;   26 ;     275 ; exit
472      ;   27 ;     277 ; exit
472      ;   28 ;     278 ; exit
473      ;   27 ;     281 ; parking
475      ;   26 ;     282 ; parking
476      ;   25 ;     283 ; parking
477      ;   26 ;     280 ; exit
477      ;   27 ;     280 ; exit
477      ;   28 ;     283 ; exit
478      ;   29 ;     282 ; exit
478      ;   28 ;     284 ; parking
479      ;   27 ;     285 ; parking
480      ;   26 ;     286 ; parking
483      ;   27 ;     281 ; exit
483      ;   26 ;     288 ; parking
483      ;   27 ;     284 ; exit
484      ;   28 ;     285 ; exit
483      ;   29 ;     286 ; exit
485      ;   28 ;     289 ; parking
487      ;   27 ;     290 ; parking
488      ;   26 ;     291 ; parking
489      ;   27 ;     289 ; exit
489      ;   28 ;     288 ; exit
489      ;   29 ;     290 ; exit
489      ;   28 ;     292 ; parking
490      ;   29 ;     291 ; exit
491      ;   28 ;     293 ; parking
492      ;   29 ;     293 ; exit
494      ;   28 ;     294 ; parking
497      ;   27 ;     296 ; parking
497      ;   28 ;     292 ; exit
498      ;   27 ;     297 ; parking
498      ;   26 ;     297 ; parking
500      ;   27 ;     297 ; exit
499      ;   26 ;     298 ; parking
500      ;   27 ;     297 ; exit
501      ;   28 ;     298 ; exit
502      ;   27 ;     300 ; parking
502      ;   26 ;     300 ; parking
504      ;   27 ;     294 ; exit
504      ;   26 ;     301 ; parking
505      ;   27 ;     296 ; exit
506      ;   29 ;     300 ; exit
506      ;   29 ;     300 ; exit
506      ;   28 ;     302 ; parking
508      ;   27 ;     303 ; parking
510      ;   26 ;     304 ; parking
511      ;   27 ;     303 ; exit
513      ;   26 ;     305 ; parking
513      ;   27 ;     302 ; exit
514      ;   28 ;     301 ; exit
515      ;   27 ;     306 ; parking
516      ;   26 ;     307 ; parking
517      ;   27 ;     307 ; exit
518      ;   26 ;     308 ; parking
519      ;   27 ;     304 ; exit
520      ;   26 ;     309 ; parking
521      ;   27 ;     305 ; exit
521      ;   28 ;     308 ; exit
521      ;   27 ;     310 ; parking
522      ;   28 ;     310 ; exit
523      ;   27 ;     311 ; parking
523      ;   28 ;     309 ; exit
525      ;   29 ;     311 ; exit
525      ;   30 ;     306 ; exit
525      ;   29 ;     312 ; parking
526      ;   28 ;     313 ; parking
529      ;   27 ;     314 ; parking
530      ;   28 ;     312 ; exit
531      ;   27 ;     315 ; parking
531      ;   28 ;     314 ; exit
532      ;   29 ;     315 ; exit
532      ;   28 ;     316 ; parking
533      ;   29 ;     316 ; exit
534      ;   30 ;     313 ; exit
534      ;   29 ;     317 ; parking
536      ;   28 ;     318 ; parking
539      ;   27 ;     319 ; parking
539      ;   28 ;     317 ; exit
540      ;   27 ;     320 ; parking
541      ;   26 ;     321 ; parking
542      ;   27 ;     319 ; exit
542      ;   26 ;     322 ; parking
543      ;   25 ;     323 ; parking
544      ;   24 ;     324 ; parking
546      ;   23 ;     326 ; parking
547      ;   24 ;     326 ; exit
546      ;   25 ;     318 ; exit
546      ;   24 ;     326 ; parking
547      ;   25 ;     323 ; exit
547      ;   24 ;     327 ; parking
547      ;   25 ;     326 ; exit
549      ;   26 ;     320 ; exit
549      ;   25 ;     328 ; parking
550      ;   26 ;     322 ; exit
551      ;   27 ;     321 ; exit
551      ;   26 ;     329 ; parking
552      ;   27 ;     324 ; exit
552      ;   28 ;     327 ; exit
552      ;   27 ;     330 ; parking
555      ;   28 ;     328 ; exit
555      ;   27 ;     331 ; parking
557      ;   28 ;     329 ; exit
558      ;   27 ;     332 ; parking
560      ;   26 ;     333 ; parking
562      ;   27 ;     333 ; exit
561      ;   26 ;     334 ; parking
561      ;   27 ;     330 ; exit
564      ;   28 ;     331 ; exit
565      ;   29 ;     334 ; exit
565      ;   28 ;     336 ; parking
566      ;   29 ;     336 ; exit
566      ;   28 ;     337 ; parking
567      ;   27 ;     338 ; parking
567      ;   28 ;     332 ; exit
569      ;   27 ;     339 ; parking
570      ;   28 ;     337 ; exit
570      ;   27 ;     340 ; parking
571      ;   26 ;     341 ; parking
571      ;   27 ;     338 ; exit
573      ;   28 ;     339 ; exit
574      ;   29 ;     341 ; exit
574      ;   28 ;     342 ; parking
576      ;   29 ;     340 ; exit
578      ;   28 ;     344 ; parking
578      ;   27 ;     344 ; parking
580      ;   28 ;     342 ; exit
582      ;   27 ;     347 ; parking
580      ;   26 ;     345 ; parking
582      ;   25 ;     347 ; parking
583      ;   26 ;     344 ; exit
583      ;   27 ;     344 ; exit
584      ;   26 ;     348 ; parking
583      ;   27 ;     345 ; exit
585      ;   26 ;     349 ; parking
588      ;   25 ;     351 ; parking
588      ;   24 ;     351 ; parking
588      ;   25 ;     349 ; exit
590      ;   26 ;     347 ; exit
590      ;   27 ;     347 ; exit
590      ;   26 ;     352 ; parking
591      ;   25 ;     353 ; parking
593      ;   24 ;     354 ; parking
594      ;   25 ;     348 ; exit
595      ;   26 ;     351 ; exit
595      ;   27 ;     351 ; exit
596      ;   26 ;     355 ; parking
597      ;   27 ;     352 ; exit
597      ;   26 ;     356 ; parking
596      ;   27 ;     353 ; exit
597      ;   28 ;     354 ; exit
599      ;   27 ;     357 ; parking
600      ;   26 ;     358 ; parking
601      ;   27 ;     355 ; exit
602      ;   26 ;     359 ; parking
604      ;   25 ;     360 ; parking
605      ;   24 ;     361 ; parking
607      ;   25 ;     356 ; exit
608      ;   26 ;     360 ; exit
608      ;   25 ;     362 ; parking
608      ;   26 ;     361 ; exit
609      ;   27 ;     357 ; exit
609      ;   28 ;     359 ; exit
610      ;   27 ;     363 ; parking
610      ;   28 ;     358 ; exit
611      ;   27 ;     364 ; parking
612      ;   28 ;     362 ; exit
613      ;   29 ;     363 ; exit
614      ;   30 ;     364 ; exit
613      ;   29 ;     365 ; parking
614      ;   30 ;     365 ; exit
616      ;   29 ;     366 ; parking
619      ;   28 ;     367 ; parking
621      ;   27 ;     368 ; parking
622      ;   28 ;     367 ; exit
624      ;   27 ;     369 ; parking
625      ;   26 ;     370 ; parking
626      ;   27 ;     368 ; exit
626      ;   28 ;     366 ; exit
626      ;   29 ;     370 ; exit
628      ;   28 ;     371 ; parking
629      ;   27 ;     372 ; parking
631      ;   26 ;     373 ; parking
632      ;   27 ;     371 ; exit
632      ;   28 ;     373 ; exit
633      ;   29 ;     369 ; exit
634      ;   30 ;     372 ; exit
634      ;   29 ;     374 ; parking
635      ;   28 ;     375 ; parking
636      ;   27 ;     376 ; parking
636      ;   28 ;     374 ; exit
637      ;   29 ;     376 ; exit
638      ;   28 ;     377 ; parking
640      ;   29 ;     375 ; exit
641      ;   30 ;     377 ; exit
641      ;   29 ;     378 ; parking
642      ;   28 ;     379 ; parking
643      ;   27 ;     380 ; parking
644      ;   26 ;     381 ; parking
646      ;   27 ;     380 ; exit
645      ;   28 ;     378 ; exit
646      ;   29 ;     381 ; exit
647      ;   28 ;     382 ; parking
648      ;   29 ;     382 ; exit
649      ;   28 ;     383 ; parking
652      ;   29 ;     379 ; exit
652      ;   28 ;     384 ; parking
653      ;   27 ;     385 ; parking
654      ;   26 ;     386 ; parking
655      ;   27 ;     386 ; exit
655      ;   26 ;     387 ; parking
657      ;   27 ;     383 ; exit
657      ;   28 ;     384 ; exit
659      ;   27 ;     389 ; parking
660      ;   26 ;     390 ; parking
660      ;   25 ;     390 ; parking
660      ;   26 ;     387 ; exit
661      ;   27 ;     385 ; exit
662      ;   26 ;     391 ; parking
663      ;   27 ;     390 ; exit
663      ;   28 ;     390 ; exit
666      ;   29 ;     389 ; exit
665      ;   28 ;     392 ; parking
668      ;   27 ;     393 ; parking
670      ;   26 ;     394 ; parking
671      ;   27 ;     391 ; exit
671      ;   26 ;     395 ; parking
671      ;   27 ;     393 ; exit
671      ;   28 ;     392 ; exit
674      ;   27 ;     396 ; parking
675      ;   26 ;     397 ; parking
677      ;   25 ;     398 ; parking
678      ;   24 ;     399 ; parking
679      ;   23 ;     400 ; parking
679      ;   24 ;     394 ; exit
680      ;   25 ;     395 ; exit
680      ;   26 ;     398 ; exit
679      ;   27 ;     396 ; exit
680      ;   28 ;     399 ; exit
680      ;   27 ;     401 ; parking
681      ;   26 ;     402 ; parking
684      ;   25 ;     403 ; parking
684      ;   26 ;     397 ; exit
685      ;   27 ;     400 ; exit
685      ;   26 ;     404 ; parking
687      ;   25 ;     406 ; parking
687      ;   24 ;     406 ; parking
687      ;   25 ;     401 ; exit
689      ;   26 ;     402 ; exit
690      ;   27 ;     404 ; exit
691      ;   28 ;     403 ; exit
690      ;   27 ;     407 ; parking
693      ;   28 ;     406 ; exit
692      ;   27 ;     408 ; parking
693      ;   28 ;     406 ; exit
695      ;   27 ;     409 ; parking
695      ;   28 ;     408 ; exit
696      ;   27 ;     410 ; parking
695      ;   28 ;     407 ; exit
698      ;   29 ;     409 ; exit
698      ;   28 ;     411 ; parking
700      ;   27 ;     412 ; parking
700      ;   28 ;     411 ; exit
701      ;   29 ;     410 ; exit
701      ;   28 ;     413 ; parking
702      ;   27 ;     414 ; parking
703      ;   28 ;     413 ; exit
704      ;   27 ;     415 ; parking
705      ;   28 ;     415 ; exit
707      ;   29 ;     412 ; exit
707      ;   28 ;     416 ; parking
708      ;   27 ;     417 ; parking
708      ;   28 ;     414 ; exit
709      ;   27 ;     418 ; parking
710      ;   26 ;     419 ; parking
712      ;   25 ;     420 ; parking
713      ;   26 ;     418 ; exit
714      ;   27 ;     420 ; exit
714      ;   26 ;     422 ; parking
716      ;   25 ;     424 ; parking
715      ;   26 ;     417 ; exit
715      ;   27 ;     416 ; exit
715      ;   26 ;     423 ; parking
717      ;   25 ;     425 ; parking
716      ;   26 ;     419 ; exit
717      ;   25 ;     425 ; parking
717      ;   26 ;     423 ; exit
719      ;   27 ;     425 ; exit
719      ;   28 ;     425 ; exit
718      ;   27 ;     426 ; parking
721      ;   28 ;     422 ; exit
721      ;   27 ;     427 ; parking
722      ;   28 ;     427 ; exit
723      ;   27 ;     428 ; parking
724      ;   26 ;     429 ; parking
724      ;   27 ;     428 ; exit
726      ;   28 ;     424 ; exit
726      ;   29 ;     429 ; exit
727      ;   28 ;     430 ; parking
726      ;   29 ;     426 ; exit
729      ;   30 ;     430 ; exit
730      ;   29 ;     431 ; parking
731      ;   28 ;     432 ; parking
733      ;   27 ;     433 ; parking
734      ;   28 ;     431 ; exit
736      ;   27 ;     434 ; parking
737      ;   26 ;     435 ; parking
738      ;   27 ;     434 ; exit
738      ;   26 ;     436 ; parking
738      ;   27 ;     435 ; exit
739      ;   27 ;     437 ; parking
739      ;   27 ;     436 ; exit
740      ;   28 ;     432 ; exit
741      ;   27 ;     439 ; parking
741      ;   26 ;     439 ; parking
742      ;   27 ;     433 ; exit
742      ;   28 ;     439 ; exit
742      ;   29 ;     439 ; exit
742      ;   28 ;     440 ; parking
744      ;   29 ;     437 ; exit
744      ;   28 ;     441 ; parking
747      ;   27 ;     442 ; parking
750      ;   28 ;     440 ; exit
750      ;   27 ;     443 ; parking
751      ;   28 ;     441 ; exit
753      ;   27 ;     444 ; parking
754      ;   28 ;     443 ; exit
754      ;   27 ;     445 ; parking
755      ;   26 ;     446 ; parking
756      ;   27 ;     442 ; exit
756      ;   26 ;     447 ; parking
756      ;   27 ;     444 ; exit
757      ;   26 ;     448 ; parking
758      ;   25 ;     449 ; parking
759      ;   24 ;     450 ; parking
759      ;   25 ;     449 ; exit
759      ;   26 ;     445 ; exit
760      ;   27 ;     447 ; exit
760      ;   26 ;     451 ; parking
762      ;   27 ;     450 ; exit
763      ;   28 ;     448 ; exit
764      ;   29 ;     446 ; exit
763      ;   28 ;     452 ; parking
766      ;   27 ;     453 ; parking
767      ;   26 ;     454 ; parking
768      ;   27 ;     453 ; exit
769      ;   28 ;     451 ; exit
768      ;   29 ;     454 ; exit
769      ;   28 ;     455 ; parking
770      ;   27 ;     456 ; parking
769      ;   28 ;     452 ; exit
771      ;   27 ;     457 ; parking
773      ;   28 ;     457 ; exit
773      ;   27 ;     458 ; parking
774      ;   26 ;     459 ; parking
775      ;   27 ;     459 ; exit
777      ;   26 ;     461 ; parking
775      ;   25 ;     460 ; parking
777      ;   26 ;     455 ; exit
778      ;   25 ;     462 ; parking
778      ;   26 ;     461 ; exit
779      ;   27 ;     456 ; exit
780      ;   26 ;     464 ; parking
779      ;   27 ;     458 ; exit
780      ;   26 ;     464 ; parking
778      ;   27 ;     460 ; exit
781      ;   26 ;     465 ; parking
783      ;   25 ;     467 ; parking
783      ;   24 ;     467 ; parking
784      ;   25 ;     467 ; exit
784      ;   26 ;     467 ; exit
784      ;   25 ;     468 ; parking
787      ;   24 ;     469 ; parking
788      ;   25 ;     462 ; exit
789      ;   26 ;     464 ; exit
789      ;   27 ;     464 ; exit
788      ;   26 ;     470 ; parking
790      ;   27 ;     465 ; exit
790      ;   26 ;     471 ; parking
792      ;   25 ;     472 ; parking
792      ;   26 ;     471 ; exit
793      ;   27 ;     468 ; exit
793      ;   28 ;     470 ; exit
795      ;   27 ;     473 ; parking
797      ;   28 ;     469 ; exit
796      ;   27 ;     474 ; parking
799      ;   26 ;     475 ; parking
802      ;   27 ;     472 ; exit
802      ;   26 ;     476 ; parking
802      ;   27 ;     473 ; exit
803      ;   26 ;     477 ; parking
804      ;   27 ;     474 ; exit
806      ;   28 ;     475 ; exit
805      ;   27 ;     478 ; parking
806      ;   26 ;     479 ; parking
808      ;   27 ;     476 ; exit
808      ;   26 ;     480 ; parking
811      ;   25 ;     481 ; parking
812      ;   26 ;     477 ; exit
812      ;   25 ;     482 ; parking
813      ;   24 ;     483 ; parking
814      ;   25 ;     479 ; exit
814      ;   26 ;     478 ; exit
816      ;   27 ;     481 ; exit
816      ;   26 ;     484 ; parking
817      ;   27 ;     484 ; exit
817      ;   28 ;     480 ; exit
818      ;   29 ;     482 ; exit
818      ;   28 ;     485 ; parking
819      ;   27 ;     486 ; parking
820      ;   28 ;     483 ; exit
820      ;   27 ;     487 ; parking
821      ;   26 ;     488 ; parking
820      ;   27 ;     485 ; exit
823      ;   28 ;     486 ; exit
824      ;   27 ;     489 ; parking
825      ;   28 ;     489 ; exit
827      ;   27 ;     490 ; parking
829      ;   28 ;     487 ; exit
830      ;   29 ;     488 ; exit
830      ;   28 ;     491 ; parking
831      ;   27 ;     492 ; parking
833      ;   28 ;     490 ; exit
834      ;   27 ;     493 ; parking
836      ;   26 ;     494 ; parking
836      ;   27 ;     491 ; exit
838      ;   28 ;     492 ; exit
839      ;   27 ;     495 ; parking
841      ;   28 ;     493 ; exit
842      ;   29 ;     494 ; exit
842      ;   28 ;     496 ; parking
843      ;   27 ;     497 ; parking
844      ;   26 ;     498 ; parking
845      ;   27 ;     495 ; exit
845      ;   26 ;     499 ; parking
846      ;   25 ;     500 ; parking
848      ;   24 ;     501 ; parking
849      ;   25 ;     499 ; exit
849      ;   24 ;     502 ; parking
849      ;   25 ;     496 ; exit
850      ;   24 ;     503 ; parking
851      ;   25 ;     500 ; exit
852      ;   26 ;     502 ; exit
853      ;   27 ;     503 ; exit
853      ;   28 ;     498 ; exit
853      ;   29 ;     497 ; exit
854      ;   28 ;     505 ; parking
854      ;   27 ;     505 ; parking
855      ;   26 ;     506 ; parking
855      ;   27 ;     501 ; exit
856      ;   28 ;     506 ; exit
857      ;   27 ;     507 ; parking
859      ;   28 ;     505 ; exit
859      ;   29 ;     505 ; exit
860      ;   28 ;     508 ; parking
863      ;   27 ;     510 ; parking
862      ;   26 ;     509 ; parking
864      ;   27 ;     507 ; exit
865      ;   26 ;     511 ; parking
866      ;   27 ;     508 ; exit
867      ;   26 ;     512 ; parking
868      ;   27 ;     512 ; exit
869      ;   26 ;     513 ; parking
868      ;   27 ;     509 ; exit
870      ;   28 ;     510 ; exit
870      ;   27 ;     514 ; parking
872      ;   28 ;     511 ; exit
873      ;   27 ;     515 ; parking
875      ;   26 ;     517 ; parking
875      ;   25 ;     517 ; parking
875      ;   26 ;     513 ; exit
876      ;   25 ;     518 ; parking
877      ;   26 ;     517 ; exit
877      ;   27 ;     517 ; exit
877      ;   28 ;     514 ; exit
878      ;   27 ;     519 ; parking
880      ;   26 ;     520 ; parking
881      ;   27 ;     515 ; exit
881      ;   26 ;     521 ; parking
884      ;   27 ;     519 ; exit
884      ;   26 ;     522 ; parking
885      ;   25 ;     523 ; parking
885      ;   26 ;     518 ; exit
887      ;   27 ;     520 ; exit
887      ;   26 ;     524 ; parking
887      ;   27 ;     521 ; exit
889      ;   26 ;     525 ; parking
890      ;   25 ;     526 ; parking
891      ;   26 ;     523 ; exit
891      ;   27 ;     525 ; exit
891      ;   26 ;     527 ; parking
893      ;   25 ;     528 ; parking
893      ;   26 ;     522 ; exit
894      ;   27 ;     526 ; exit
895      ;   26 ;     529 ; parking
896      ;   25 ;     530 ; parking
897      ;   26 ;     524 ; exit
896      ;   27 ;     527 ; exit
899      ;   26 ;     531 ; parking
899      ;   27 ;     529 ; exit
900      ;   28 ;     528 ; exit
901      ;   27 ;     532 ; parking
902      ;   28 ;     532 ; exit
902      ;   27 ;     533 ; parking
903      ;   28 ;     530 ; exit
903      ;   27 ;     534 ; parking
904      ;   26 ;     535 ; parking
905      ;   27 ;     531 ; exit
906      ;   26 ;     536 ; parking
906      ;   27 ;     534 ; exit
909      ;   28 ;     533 ; exit
909      ;   27 ;     537 ; parking
911      ;   26 ;     539 ; parking
911      ;   25 ;     539 ; parking
913      ;   26 ;     537 ; exit
913      ;   25 ;     540 ; parking
914      ;   26 ;     539 ; exit
913      ;   27 ;     535 ; exit
914      ;   28 ;     539 ; exit
914      ;   27 ;     541 ; parking
915      ;   28 ;     536 ; exit
916      ;   29 ;     540 ; exit
917      ;   28 ;     542 ; parking
918      ;   27 ;     543 ; parking
918      ;   28 ;     541 ; exit
920      ;   27 ;     544 ; parking
922      ;   26 ;     546 ; parking
922      ;   27 ;     543 ; exit
921      ;   26 ;     545 ; parking
924      ;   27 ;     542 ; exit
925      ;   26 ;     547 ; parking
928      ;   25 ;     549 ; parking
928      ;   24 ;     549 ; parking
928      ;   25 ;     546 ; exit
929      ;   26 ;     544 ; exit
931      ;   25 ;     550 ; parking
931      ;   26 ;     545 ; exit
932      ;   25 ;     551 ; parking
932      ;   26 ;     547 ; exit
933      ;   27 ;     550 ; exit
934      ;   28 ;     549 ; exit
934      ;   29 ;     549 ; exit
934      ;   28 ;     552 ; parking
935      ;   27 ;     553 ; parking
937      ;   28 ;     552 ; exit
937      ;   29 ;     553 ; exit
937      ;   28 ;     554 ; parking
939      ;   27 ;     555 ; parking
941      ;   28 ;     551 ; exit
942      ;   27 ;     557 ; parking
941      ;   26 ;     556 ; parking
941      ;   27 ;     554 ; exit
942      ;   28 ;     556 ; exit
944      ;   29 ;     557 ; exit
945      ;   28 ;     558 ; parking
946      ;   27 ;     559 ; parking
949      ;   28 ;     555 ; exit
949      ;   27 ;     560 ; parking
948      ;   28 ;     559 ; exit
950      ;   27 ;     561 ; parking
951      ;   26 ;     562 ; parking
951      ;   27 ;     561 ; exit
952      ;   26 ;     563 ; parking
952      ;   27 ;     558 ; exit
954      ;   29 ;     563 ; exit
954      ;   29 ;     560 ; exit
954      ;   28 ;     564 ; parking
955      ;   27 ;     565 ; parking
956      ;   26 ;     566 ; parking
956      ;   27 ;     565 ; exit
957      ;   28 ;     562 ; exit
957      ;   27 ;     567 ; parking
959      ;   26 ;     569 ; parking
958      ;   25 ;     568 ; parking
959      ;   26 ;     564 ; exit
961      ;   27 ;     567 ; exit
961      ;   26 ;     570 ; parking
962      ;   25 ;     571 ; parking
962      ;   26 ;     570 ; exit
963      ;   25 ;     572 ; parking
964      ;   26 ;     566 ; exit
964      ;   27 ;     569 ; exit
965      ;   26 ;     573 ; parking
964      ;   27 ;     568 ; exit
966      ;   28 ;     572 ; exit
966      ;   27 ;     574 ; parking
968      ;   26 ;     575 ; parking
970      ;   27 ;     571 ; exit
970      ;   28 ;     574 ; exit
970      ;   27 ;     576 ; parking
971      ;   26 ;     577 ; parking
972      ;   27 ;     576 ; exit
973      ;   26 ;     578 ; parking
974      ;   27 ;     575 ; exit
974      ;   26 ;     579 ; parking
974      ;   27 ;     577 ; exit
975      ;   28 ;     573 ; exit
976      ;   29 ;     578 ; exit
977      ;   28 ;     580 ; parking
978      ;   27 ;     581 ; parking
979      ;   28 ;     581 ; exit
979      ;   29 ;     579 ; exit
981      ;   28 ;     582 ; parking
982      ;   27 ;     583 ; parking
983      ;   26 ;     584 ; parking
985      ;   27 ;     580 ; exit
985      ;   26 ;     585 ; parking
986      ;   25 ;     586 ; parking
987      ;   26 ;     585 ; exit
988      ;   27 ;     584 ; exit
988      ;   26 ;     587 ; parking
988      ;   27 ;     586 ; exit
989      ;   28 ;     582 ; exit
989      ;   29 ;     583 ; exit
991      ;   28 ;     588 ; parking
992      ;   27 ;     589 ; parking
995      ;   28 ;     587 ; exit
995      ;   27 ;     591 ; parking
996      ;   26 ;     592 ; parking
996      ;   27 ;     591 ; exit
997      ;   26 ;     593 ; parking
997      ;   27 ;     588 ; exit
997      ;   26 ;     593 ; parking
998      ;   25 ;     594 ; parking
999      ;   26 ;     594 ; exit
999      ;   25 ;     595 ; parking
1001     ;   26 ;     595 ; exit
1002     ;   27 ;     592 ; exit
1002     ;   28 ;     589 ; exit
1006     ;   29 ;     593 ; exit
1006     ;   30 ;     593 ; exit
